::1 POST /auth/register 201 163 - 1125.491 ms
::1 POST /auth/register 201 163 - 637.993 ms
::1 POST /auth/register 201 164 - 922.161 ms
::1 POST /auth/register 201 163 - 1554.056 ms
::1 POST /auth/register 201 167 - 3964.244 ms
::1 GET /products? 200 272 - 27.086 ms
::1 GET /products? 304 - - 3.310 ms
::1 POST /auth/register 400 90 - 1.083 ms
::1 POST /auth/register 400 90 - 0.589 ms
::1 GET /products? 304 - - 4.615 ms
::1 GET /products? 304 - - 4.917 ms
::1 POST /auth/login 401 41 - 64.880 ms
::1 POST /auth/login 401 41 - 2.266 ms
::1 POST /auth/login 401 41 - 2.173 ms
::1 POST /auth/login 429 75 - 0.490 ms
::1 POST /auth/register 429 75 - 0.400 ms
::1 POST /auth/register 429 75 - 0.466 ms
::1 POST /auth/register 201 161 - 2411.234 ms
::1 POST /auth/login 200 231 - 64.065 ms
::1 GET /products? 304 - - 2.889 ms
::1 GET /products? 304 - - 1.897 ms
::1 POST /products 400 96 - 3.184 ms
::1 GET /products? 304 - - 3.912 ms
::1 GET /products? 304 - - 2.841 ms
::1 POST /products 201 190 - 18.529 ms
::1 GET /products? 200 439 - 2.857 ms
::1 GET /products? 304 - - 2.885 ms
::1 PATCH /products/693b82aec66e76dbc468fe62 200 193 - 8.497 ms
::1 GET /products? 200 442 - 1.768 ms
::1 GET /products?name=tv+80+pulgadas 200 195 - 6.328 ms
::1 POST /products 201 185 - 2.936 ms
::1 GET /products? 200 604 - 2.925 ms
::1 GET /products? 304 - - 2.874 ms
::1 POST /auth/login 401 41 - 1.469 ms
::1 GET /products? 304 - - 2.801 ms
::1 GET /products? 304 - - 1.878 ms
::1 POST /auth/register 201 158 - 3030.267 ms
::1 POST /auth/register 201 164 - 2287.043 ms
::1 POST /auth/login 401 41 - 1.331 ms
::1 POST /auth/login 200 231 - 63.406 ms
::1 GET /products? 304 - - 2.395 ms
::1 GET /products? 304 - - 2.808 ms
::1 GET /products? 304 - - 2.370 ms
::1 GET /products? 304 - - 2.363 ms
::1 DELETE /products/693b1bbc06eed3e9074921b2 200 270 - 3.233 ms
::1 PATCH /products/693b82aec66e76dbc468fe62 200 191 - 3.112 ms
::1 GET /products? 200 355 - 2.175 ms
