::1 GET /products? 304 - - 1027.425 ms
::1 GET /products? 304 - - 2.597 ms
::1 GET /No%20contiene%20imagen 404 54 - 0.467 ms
::1 GET /products? 304 - - 3.333 ms
::1 GET /products? 304 - - 3.114 ms
::1 GET /No%20contiene%20imagen 404 54 - 0.353 ms
::1 POST /auth/register 400 90 - 4.622 ms
::1 POST /auth/register 409 69 - 2.713 ms
::1 POST /auth/register 201 157 - 3139.757 ms
::1 POST /auth/login 400 90 - 0.691 ms
::1 POST /auth/login 401 41 - 63.868 ms
::1 POST /auth/login 429 75 - 0.414 ms
::1 POST /auth/login 400 62 - 5.202 ms
::1 POST /auth/login 400 62 - 0.749 ms
::1 POST /auth/login 401 41 - 7.540 ms
::1 GET /products? 304 - - 9.820 ms
::1 GET /products? 304 - - 2.735 ms
::1 GET /No%20contiene%20imagen 404 54 - 0.327 ms
::1 GET /products? 304 - - 2.605 ms
::1 GET /products? 304 - - 2.393 ms
::1 GET /No%20contiene%20imagen 404 54 - 0.245 ms
::1 GET /products? 304 - - 3.594 ms
::1 GET /products? 304 - - 3.057 ms
::1 GET /No%20contiene%20imagen 404 54 - 0.137 ms
::1 GET /products? 304 - - 3.431 ms
::1 GET /products? 304 - - 4.423 ms
::1 GET /No%20contiene%20imagen 404 54 - 0.270 ms
::1 GET /products? 304 - - 5.457 ms
::1 GET /products? 304 - - 3.071 ms
::1 GET /No%20contiene%20imagen 404 54 - 0.141 ms
::1 GET /products? 304 - - 2.527 ms
::1 GET /products? 304 - - 3.443 ms
::1 GET /No%20contiene%20imagen 404 54 - 0.185 ms
::1 GET /products? 304 - - 2.983 ms
::1 GET /products? 304 - - 2.408 ms
::1 GET /No%20contiene%20imagen 404 54 - 0.144 ms
::1 GET /products? 304 - - 1.971 ms
::1 GET /products? 304 - - 1.924 ms
::1 GET /No%20contiene%20imagen 404 54 - 0.129 ms
::1 GET /products? 304 - - 249.135 ms
::1 GET /products? 304 - - 2.753 ms
::1 GET /No%20contiene%20imagen 404 54 - 0.129 ms
::1 GET /products? 304 - - 2.698 ms
::1 GET /products? 304 - - 2.999 ms
::1 GET /No%20contiene%20imagen 404 54 - 0.201 ms
::1 POST /auth/register 400 90 - 0.678 ms
::1 POST /auth/register 400 90 - 0.851 ms
::1 POST /auth/register 201 168 - 2850.983 ms
::1 GET /products? 304 - - 2.304 ms
::1 GET /products? 304 - - 2.972 ms
::1 GET /No%20contiene%20imagen 404 54 - 0.188 ms
::1 GET /products? 304 - - 532.073 ms
::1 GET /products? 304 - - 1.929 ms
::1 GET /No%20contiene%20imagen 404 54 - 0.224 ms
::1 POST /auth/login 200 246 - 78.928 ms
::1 GET /products? 304 - - 2.017 ms
::1 GET /products? 304 - - 1.732 ms
::1 GET /No%20contiene%20imagen 404 54 - 0.130 ms
::1 POST /products 201 254 - 35.728 ms
::1 GET /products? 200 586 - 2.665 ms
::1 GET /products? 304 - - 2.295 ms
::1 GET /No%20contiene%20imagen 404 54 - 0.135 ms
::1 GET /uploads/1766434881175-4ee1a6fc-a0d2-43f5-b934-6ae864230b4e.jpeg 200 5864 - 6.746 ms
::1 PATCH /products/693b852ec66e76dbc468fe69 200 208 - 18.181 ms
::1 GET /products? 200 609 - 2.293 ms
::1 GET /products?category=tecnologia 200 193 - 16.843 ms
::1 GET /No%20contiene%20imagen 404 54 - 0.172 ms
